<?xml version="1.0" encoding="UTF-8"?>
<Site BuildName="(empty)"
	BuildStamp="20240822-1116-Experimental"
	Name="lcsr-dvrk-05"
	Generator="ctest-3.16.3"
	CompilerName="/usr/bin/c++"
	CompilerVersion="9.4.0"
	OSName="Linux"
	Hostname="lcsr-dvrk-05"
	OSRelease="5.4.0-192-generic"
	OSVersion="#212-Ubuntu SMP Fri Jul 5 09:47:39 UTC 2024"
	OSPlatform="x86_64"
	Is64Bits="1"
	VendorString="GenuineIntel"
	VendorID="Intel Corporation"
	FamilyID="6"
	ModelID="85"
	ProcessorCacheSize="11264"
	NumberOfLogicalCPU="16"
	NumberOfPhysicalCPU="8"
	TotalVirtualMemory="2047"
	TotalPhysicalMemory="23712"
	LogicalProcessorsPerPhysical="2"
	ProcessorClockFrequency="3700.01"
	>
	<Testing>
		<StartDateTime>Aug 22 07:16 EDT</StartDateTime>
		<StartTestTime>1724325397</StartTestTime>
		<TestList/>
		<EndDateTime>Aug 22 07:16 EDT</EndDateTime>
		<EndTestTime>1724325397</EndTestTime>
		<ElapsedMinutes>0</ElapsedMinutes>
	</Testing>
</Site>
